<?xml version="1.0" encoding="UTF-8"?>
<coverage generated="1602209253595" clover="3.2.0">
  <project timestamp="1602209253595" name="All files">
    <metrics statements="16" coveredstatements="14" conditionals="0" coveredconditionals="0" methods="15" coveredmethods="13" elements="31" coveredelements="27" complexity="0" loc="16" ncloc="16" packages="1" files="3" classes="3"/>
    <file name="Cart.js" path="/Users/cecilyshen/Documents/tdd-pairing-shopping-cart/cart/Cart.js">
      <metrics statements="4" coveredstatements="4" conditionals="0" coveredconditionals="0" methods="6" coveredmethods="6"/>
      <line num="7" count="5" type="stmt"/>
      <line num="11" count="6" type="stmt"/>
      <line num="15" count="2" type="stmt"/>
      <line num="19" count="4" type="stmt"/>
    </file>
    <file name="Item.js" path="/Users/cecilyshen/Documents/tdd-pairing-shopping-cart/cart/Item.js">
      <metrics statements="6" coveredstatements="6" conditionals="0" coveredconditionals="0" methods="5" coveredmethods="5"/>
      <line num="7" count="11" type="stmt"/>
      <line num="8" count="11" type="stmt"/>
      <line num="12" count="3" type="stmt"/>
      <line num="16" count="9" type="stmt"/>
      <line num="20" count="2" type="stmt"/>
      <line num="24" count="16" type="stmt"/>
    </file>
    <file name="Product.js" path="/Users/cecilyshen/Documents/tdd-pairing-shopping-cart/cart/Product.js">
      <metrics statements="6" coveredstatements="4" conditionals="0" coveredconditionals="0" methods="4" coveredmethods="2"/>
      <line num="11" count="4" type="stmt"/>
      <line num="12" count="4" type="stmt"/>
      <line num="13" count="4" type="stmt"/>
      <line num="17" count="0" type="stmt"/>
      <line num="21" count="0" type="stmt"/>
      <line num="25" count="18" type="stmt"/>
    </file>
  </project>
</coverage>
