TN:
SF:cart/Cart.js
FN:6,(anonymous_0)
FN:10,(anonymous_1)
FN:11,(anonymous_2)
FN:11,(anonymous_3)
FN:14,(anonymous_4)
FN:18,(anonymous_5)
FNF:6
FNH:6
FNDA:5,(anonymous_0)
FNDA:5,(anonymous_1)
FNDA:6,(anonymous_2)
FNDA:6,(anonymous_3)
FNDA:2,(anonymous_4)
FNDA:4,(anonymous_5)
DA:7,5
DA:11,6
DA:15,2
DA:19,4
LF:4
LH:4
BRF:0
BRH:0
end_of_record
TN:
SF:cart/Item.js
FN:6,(anonymous_0)
FN:11,(anonymous_1)
FN:15,(anonymous_2)
FN:19,(anonymous_3)
FN:23,(anonymous_4)
FNF:5
FNH:5
FNDA:11,(anonymous_0)
FNDA:3,(anonymous_1)
FNDA:9,(anonymous_2)
FNDA:2,(anonymous_3)
FNDA:16,(anonymous_4)
DA:7,11
DA:8,11
DA:12,3
DA:16,9
DA:20,2
DA:24,16
LF:6
LH:6
BRF:0
BRH:0
end_of_record
TN:
SF:cart/Product.js
FN:10,(anonymous_0)
FN:16,(anonymous_1)
FN:20,(anonymous_2)
FN:24,(anonymous_3)
FNF:4
FNH:2
FNDA:4,(anonymous_0)
FNDA:0,(anonymous_1)
FNDA:0,(anonymous_2)
FNDA:18,(anonymous_3)
DA:11,4
DA:12,4
DA:13,4
DA:17,0
DA:21,0
DA:25,18
LF:6
LH:4
BRF:0
BRH:0
end_of_record
